<?xml version="1.0" encoding="UTF-8"?>
<testsuite xmlns:xsi="http://www.w3.org/2001/XMLSchema-instance" xsi:noNamespaceSchemaLocation="https://maven.apache.org/surefire/maven-surefire-plugin/xsd/surefire-test-report-3.0.xsd" version="3.0" name="hr.stanblog.stanblog.StanblogApplicationTests" time="4.792" tests="1" errors="0" skipped="0" failures="0">
  <properties>
    <property name="http.proxyHost" value="127.0.0.1"/>
    <property name="java.specification.version" value="23"/>
    <property name="sun.jnu.encoding" value="UTF-8"/>
    <property name="java.class.path" value="/Users/jurer/Business/webovci/backend/stanblog/target/test-classes:/Users/jurer/Business/webovci/backend/stanblog/target/classes:/Users/jurer/.m2/repository/org/springframework/boot/spring-boot-starter-actuator/3.3.5/spring-boot-starter-actuator-3.3.5.jar:/Users/jurer/.m2/repository/org/springframework/boot/spring-boot-starter/3.3.5/spring-boot-starter-3.3.5.jar:/Users/jurer/.m2/repository/org/springframework/boot/spring-boot/3.3.5/spring-boot-3.3.5.jar:/Users/jurer/.m2/repository/org/springframework/boot/spring-boot-autoconfigure/3.3.5/spring-boot-autoconfigure-3.3.5.jar:/Users/jurer/.m2/repository/org/springframework/boot/spring-boot-starter-logging/3.3.5/spring-boot-starter-logging-3.3.5.jar:/Users/jurer/.m2/repository/ch/qos/logback/logback-classic/1.5.11/logback-classic-1.5.11.jar:/Users/jurer/.m2/repository/ch/qos/logback/logback-core/1.5.11/logback-core-1.5.11.jar:/Users/jurer/.m2/repository/org/apache/logging/log4j/log4j-to-slf4j/2.23.1/log4j-to-slf4j-2.23.1.jar:/Users/jurer/.m2/repository/org/apache/logging/log4j/log4j-api/2.23.1/log4j-api-2.23.1.jar:/Users/jurer/.m2/repository/org/slf4j/jul-to-slf4j/2.0.16/jul-to-slf4j-2.0.16.jar:/Users/jurer/.m2/repository/jakarta/annotation/jakarta.annotation-api/2.1.1/jakarta.annotation-api-2.1.1.jar:/Users/jurer/.m2/repository/org/yaml/snakeyaml/2.2/snakeyaml-2.2.jar:/Users/jurer/.m2/repository/org/springframework/boot/spring-boot-actuator-autoconfigure/3.3.5/spring-boot-actuator-autoconfigure-3.3.5.jar:/Users/jurer/.m2/repository/org/springframework/boot/spring-boot-actuator/3.3.5/spring-boot-actuator-3.3.5.jar:/Users/jurer/.m2/repository/com/fasterxml/jackson/core/jackson-databind/2.17.2/jackson-databind-2.17.2.jar:/Users/jurer/.m2/repository/com/fasterxml/jackson/core/jackson-annotations/2.17.2/jackson-annotations-2.17.2.jar:/Users/jurer/.m2/repository/com/fasterxml/jackson/core/jackson-core/2.17.2/jackson-core-2.17.2.jar:/Users/jurer/.m2/repository/com/fasterxml/jackson/datatype/jackson-datatype-jsr310/2.17.2/jackson-datatype-jsr310-2.17.2.jar:/Users/jurer/.m2/repository/io/micrometer/micrometer-observation/1.13.6/micrometer-observation-1.13.6.jar:/Users/jurer/.m2/repository/io/micrometer/micrometer-commons/1.13.6/micrometer-commons-1.13.6.jar:/Users/jurer/.m2/repository/io/micrometer/micrometer-jakarta9/1.13.6/micrometer-jakarta9-1.13.6.jar:/Users/jurer/.m2/repository/io/micrometer/micrometer-core/1.13.6/micrometer-core-1.13.6.jar:/Users/jurer/.m2/repository/org/hdrhistogram/HdrHistogram/2.2.2/HdrHistogram-2.2.2.jar:/Users/jurer/.m2/repository/org/latencyutils/LatencyUtils/2.0.3/LatencyUtils-2.0.3.jar:/Users/jurer/.m2/repository/org/springframework/boot/spring-boot-starter-data-jpa/3.3.5/spring-boot-starter-data-jpa-3.3.5.jar:/Users/jurer/.m2/repository/org/springframework/boot/spring-boot-starter-aop/3.3.5/spring-boot-starter-aop-3.3.5.jar:/Users/jurer/.m2/repository/org/springframework/spring-aop/6.1.14/spring-aop-6.1.14.jar:/Users/jurer/.m2/repository/org/aspectj/aspectjweaver/1.9.22.1/aspectjweaver-1.9.22.1.jar:/Users/jurer/.m2/repository/org/springframework/boot/spring-boot-starter-jdbc/3.3.5/spring-boot-starter-jdbc-3.3.5.jar:/Users/jurer/.m2/repository/com/zaxxer/HikariCP/5.1.0/HikariCP-5.1.0.jar:/Users/jurer/.m2/repository/org/springframework/spring-jdbc/6.1.14/spring-jdbc-6.1.14.jar:/Users/jurer/.m2/repository/org/hibernate/orm/hibernate-core/6.5.3.Final/hibernate-core-6.5.3.Final.jar:/Users/jurer/.m2/repository/jakarta/persistence/jakarta.persistence-api/3.1.0/jakarta.persistence-api-3.1.0.jar:/Users/jurer/.m2/repository/jakarta/transaction/jakarta.transaction-api/2.0.1/jakarta.transaction-api-2.0.1.jar:/Users/jurer/.m2/repository/org/jboss/logging/jboss-logging/3.5.3.Final/jboss-logging-3.5.3.Final.jar:/Users/jurer/.m2/repository/org/hibernate/common/hibernate-commons-annotations/6.0.6.Final/hibernate-commons-annotations-6.0.6.Final.jar:/Users/jurer/.m2/repository/io/smallrye/jandex/3.1.2/jandex-3.1.2.jar:/Users/jurer/.m2/repository/com/fasterxml/classmate/1.7.0/classmate-1.7.0.jar:/Users/jurer/.m2/repository/net/bytebuddy/byte-buddy/1.14.19/byte-buddy-1.14.19.jar:/Users/jurer/.m2/repository/org/glassfish/jaxb/jaxb-runtime/4.0.5/jaxb-runtime-4.0.5.jar:/Users/jurer/.m2/repository/org/glassfish/jaxb/jaxb-core/4.0.5/jaxb-core-4.0.5.jar:/Users/jurer/.m2/repository/org/glassfish/jaxb/txw2/4.0.5/txw2-4.0.5.jar:/Users/jurer/.m2/repository/com/sun/istack/istack-commons-runtime/4.1.2/istack-commons-runtime-4.1.2.jar:/Users/jurer/.m2/repository/jakarta/inject/jakarta.inject-api/2.0.1/jakarta.inject-api-2.0.1.jar:/Users/jurer/.m2/repository/org/antlr/antlr4-runtime/4.13.0/antlr4-runtime-4.13.0.jar:/Users/jurer/.m2/repository/org/springframework/data/spring-data-jpa/3.3.5/spring-data-jpa-3.3.5.jar:/Users/jurer/.m2/repository/org/springframework/data/spring-data-commons/3.3.5/spring-data-commons-3.3.5.jar:/Users/jurer/.m2/repository/org/springframework/spring-orm/6.1.14/spring-orm-6.1.14.jar:/Users/jurer/.m2/repository/org/springframework/spring-context/6.1.14/spring-context-6.1.14.jar:/Users/jurer/.m2/repository/org/springframework/spring-tx/6.1.14/spring-tx-6.1.14.jar:/Users/jurer/.m2/repository/org/springframework/spring-beans/6.1.14/spring-beans-6.1.14.jar:/Users/jurer/.m2/repository/org/slf4j/slf4j-api/2.0.16/slf4j-api-2.0.16.jar:/Users/jurer/.m2/repository/org/springframework/spring-aspects/6.1.14/spring-aspects-6.1.14.jar:/Users/jurer/.m2/repository/org/springframework/boot/spring-boot-starter-mail/3.3.5/spring-boot-starter-mail-3.3.5.jar:/Users/jurer/.m2/repository/org/springframework/spring-context-support/6.1.14/spring-context-support-6.1.14.jar:/Users/jurer/.m2/repository/org/eclipse/angus/jakarta.mail/2.0.3/jakarta.mail-2.0.3.jar:/Users/jurer/.m2/repository/jakarta/activation/jakarta.activation-api/2.1.3/jakarta.activation-api-2.1.3.jar:/Users/jurer/.m2/repository/org/eclipse/angus/angus-activation/2.0.2/angus-activation-2.0.2.jar:/Users/jurer/.m2/repository/com/google/code/gson/gson/2.11.0/gson-2.11.0.jar:/Users/jurer/.m2/repository/com/google/errorprone/error_prone_annotations/2.27.0/error_prone_annotations-2.27.0.jar:/Users/jurer/.m2/repository/org/json/json/20090211/json-20090211.jar:/Users/jurer/.m2/repository/org/postgresql/postgresql/42.7.4/postgresql-42.7.4.jar:/Users/jurer/.m2/repository/org/checkerframework/checker-qual/3.42.0/checker-qual-3.42.0.jar:/Users/jurer/.m2/repository/org/springframework/boot/spring-boot-starter-web/3.3.5/spring-boot-starter-web-3.3.5.jar:/Users/jurer/.m2/repository/org/springframework/boot/spring-boot-starter-json/3.3.5/spring-boot-starter-json-3.3.5.jar:/Users/jurer/.m2/repository/com/fasterxml/jackson/datatype/jackson-datatype-jdk8/2.17.2/jackson-datatype-jdk8-2.17.2.jar:/Users/jurer/.m2/repository/com/fasterxml/jackson/module/jackson-module-parameter-names/2.17.2/jackson-module-parameter-names-2.17.2.jar:/Users/jurer/.m2/repository/org/springframework/boot/spring-boot-starter-tomcat/3.3.5/spring-boot-starter-tomcat-3.3.5.jar:/Users/jurer/.m2/repository/org/apache/tomcat/embed/tomcat-embed-core/10.1.31/tomcat-embed-core-10.1.31.jar:/Users/jurer/.m2/repository/org/apache/tomcat/embed/tomcat-embed-el/10.1.31/tomcat-embed-el-10.1.31.jar:/Users/jurer/.m2/repository/org/apache/tomcat/embed/tomcat-embed-websocket/10.1.31/tomcat-embed-websocket-10.1.31.jar:/Users/jurer/.m2/repository/org/springframework/spring-web/6.1.14/spring-web-6.1.14.jar:/Users/jurer/.m2/repository/org/springframework/spring-webmvc/6.1.14/spring-webmvc-6.1.14.jar:/Users/jurer/.m2/repository/org/springframework/spring-expression/6.1.14/spring-expression-6.1.14.jar:/Users/jurer/.m2/repository/org/springframework/boot/spring-boot-starter-test/3.3.5/spring-boot-starter-test-3.3.5.jar:/Users/jurer/.m2/repository/org/springframework/boot/spring-boot-test/3.3.5/spring-boot-test-3.3.5.jar:/Users/jurer/.m2/repository/org/springframework/boot/spring-boot-test-autoconfigure/3.3.5/spring-boot-test-autoconfigure-3.3.5.jar:/Users/jurer/.m2/repository/com/jayway/jsonpath/json-path/2.9.0/json-path-2.9.0.jar:/Users/jurer/.m2/repository/jakarta/xml/bind/jakarta.xml.bind-api/4.0.2/jakarta.xml.bind-api-4.0.2.jar:/Users/jurer/.m2/repository/net/minidev/json-smart/2.5.1/json-smart-2.5.1.jar:/Users/jurer/.m2/repository/net/minidev/accessors-smart/2.5.1/accessors-smart-2.5.1.jar:/Users/jurer/.m2/repository/org/ow2/asm/asm/9.6/asm-9.6.jar:/Users/jurer/.m2/repository/org/assertj/assertj-core/3.25.3/assertj-core-3.25.3.jar:/Users/jurer/.m2/repository/org/awaitility/awaitility/4.2.2/awaitility-4.2.2.jar:/Users/jurer/.m2/repository/org/hamcrest/hamcrest/2.2/hamcrest-2.2.jar:/Users/jurer/.m2/repository/org/junit/jupiter/junit-jupiter/5.10.5/junit-jupiter-5.10.5.jar:/Users/jurer/.m2/repository/org/junit/jupiter/junit-jupiter-params/5.10.5/junit-jupiter-params-5.10.5.jar:/Users/jurer/.m2/repository/org/mockito/mockito-core/5.11.0/mockito-core-5.11.0.jar:/Users/jurer/.m2/repository/net/bytebuddy/byte-buddy-agent/1.14.19/byte-buddy-agent-1.14.19.jar:/Users/jurer/.m2/repository/org/objenesis/objenesis/3.3/objenesis-3.3.jar:/Users/jurer/.m2/repository/org/mockito/mockito-junit-jupiter/5.11.0/mockito-junit-jupiter-5.11.0.jar:/Users/jurer/.m2/repository/org/skyscreamer/jsonassert/1.5.3/jsonassert-1.5.3.jar:/Users/jurer/.m2/repository/com/vaadin/external/google/android-json/0.0.20131108.vaadin1/android-json-0.0.20131108.vaadin1.jar:/Users/jurer/.m2/repository/org/springframework/spring-core/6.1.14/spring-core-6.1.14.jar:/Users/jurer/.m2/repository/org/springframework/spring-jcl/6.1.14/spring-jcl-6.1.14.jar:/Users/jurer/.m2/repository/org/springframework/spring-test/6.1.14/spring-test-6.1.14.jar:/Users/jurer/.m2/repository/org/xmlunit/xmlunit-core/2.9.1/xmlunit-core-2.9.1.jar:/Users/jurer/.m2/repository/org/junit/jupiter/junit-jupiter-engine/5.10.5/junit-jupiter-engine-5.10.5.jar:/Users/jurer/.m2/repository/org/junit/platform/junit-platform-engine/1.10.5/junit-platform-engine-1.10.5.jar:/Users/jurer/.m2/repository/org/apiguardian/apiguardian-api/1.1.2/apiguardian-api-1.1.2.jar:/Users/jurer/.m2/repository/org/junit/jupiter/junit-jupiter-api/5.10.5/junit-jupiter-api-5.10.5.jar:/Users/jurer/.m2/repository/org/opentest4j/opentest4j/1.3.0/opentest4j-1.3.0.jar:/Users/jurer/.m2/repository/org/junit/platform/junit-platform-commons/1.10.5/junit-platform-commons-1.10.5.jar:"/>
    <property name="https.proxyPort" value="7769"/>
    <property name="java.vm.vendor" value="Homebrew"/>
    <property name="sun.arch.data.model" value="64"/>
    <property name="java.vendor.url" value="https://github.com/Homebrew/homebrew-core/issues"/>
    <property name="user.timezone" value="Europe/Zagreb"/>
    <property name="org.jboss.logging.provider" value="slf4j"/>
    <property name="os.name" value="Mac OS X"/>
    <property name="java.vm.specification.version" value="23"/>
    <property name="sun.java.launcher" value="SUN_STANDARD"/>
    <property name="user.country" value="HR"/>
    <property name="sun.boot.library.path" value="/opt/homebrew/Cellar/openjdk/23.0.1/libexec/openjdk.jdk/Contents/Home/lib"/>
    <property name="sun.java.command" value="/Users/jurer/Business/webovci/backend/stanblog/target/surefire/surefirebooter-20241114170501043_3.jar /Users/jurer/Business/webovci/backend/stanblog/target/surefire 2024-11-14T17-05-00_992-jvmRun1 surefire-20241114170501043_1tmp surefire_0-20241114170501043_2tmp"/>
    <property name="http.nonProxyHosts" value="local|*.local|169.254/16|*.169.254/16"/>
    <property name="jdk.debug" value="release"/>
    <property name="surefire.test.class.path" value="/Users/jurer/Business/webovci/backend/stanblog/target/test-classes:/Users/jurer/Business/webovci/backend/stanblog/target/classes:/Users/jurer/.m2/repository/org/springframework/boot/spring-boot-starter-actuator/3.3.5/spring-boot-starter-actuator-3.3.5.jar:/Users/jurer/.m2/repository/org/springframework/boot/spring-boot-starter/3.3.5/spring-boot-starter-3.3.5.jar:/Users/jurer/.m2/repository/org/springframework/boot/spring-boot/3.3.5/spring-boot-3.3.5.jar:/Users/jurer/.m2/repository/org/springframework/boot/spring-boot-autoconfigure/3.3.5/spring-boot-autoconfigure-3.3.5.jar:/Users/jurer/.m2/repository/org/springframework/boot/spring-boot-starter-logging/3.3.5/spring-boot-starter-logging-3.3.5.jar:/Users/jurer/.m2/repository/ch/qos/logback/logback-classic/1.5.11/logback-classic-1.5.11.jar:/Users/jurer/.m2/repository/ch/qos/logback/logback-core/1.5.11/logback-core-1.5.11.jar:/Users/jurer/.m2/repository/org/apache/logging/log4j/log4j-to-slf4j/2.23.1/log4j-to-slf4j-2.23.1.jar:/Users/jurer/.m2/repository/org/apache/logging/log4j/log4j-api/2.23.1/log4j-api-2.23.1.jar:/Users/jurer/.m2/repository/org/slf4j/jul-to-slf4j/2.0.16/jul-to-slf4j-2.0.16.jar:/Users/jurer/.m2/repository/jakarta/annotation/jakarta.annotation-api/2.1.1/jakarta.annotation-api-2.1.1.jar:/Users/jurer/.m2/repository/org/yaml/snakeyaml/2.2/snakeyaml-2.2.jar:/Users/jurer/.m2/repository/org/springframework/boot/spring-boot-actuator-autoconfigure/3.3.5/spring-boot-actuator-autoconfigure-3.3.5.jar:/Users/jurer/.m2/repository/org/springframework/boot/spring-boot-actuator/3.3.5/spring-boot-actuator-3.3.5.jar:/Users/jurer/.m2/repository/com/fasterxml/jackson/core/jackson-databind/2.17.2/jackson-databind-2.17.2.jar:/Users/jurer/.m2/repository/com/fasterxml/jackson/core/jackson-annotations/2.17.2/jackson-annotations-2.17.2.jar:/Users/jurer/.m2/repository/com/fasterxml/jackson/core/jackson-core/2.17.2/jackson-core-2.17.2.jar:/Users/jurer/.m2/repository/com/fasterxml/jackson/datatype/jackson-datatype-jsr310/2.17.2/jackson-datatype-jsr310-2.17.2.jar:/Users/jurer/.m2/repository/io/micrometer/micrometer-observation/1.13.6/micrometer-observation-1.13.6.jar:/Users/jurer/.m2/repository/io/micrometer/micrometer-commons/1.13.6/micrometer-commons-1.13.6.jar:/Users/jurer/.m2/repository/io/micrometer/micrometer-jakarta9/1.13.6/micrometer-jakarta9-1.13.6.jar:/Users/jurer/.m2/repository/io/micrometer/micrometer-core/1.13.6/micrometer-core-1.13.6.jar:/Users/jurer/.m2/repository/org/hdrhistogram/HdrHistogram/2.2.2/HdrHistogram-2.2.2.jar:/Users/jurer/.m2/repository/org/latencyutils/LatencyUtils/2.0.3/LatencyUtils-2.0.3.jar:/Users/jurer/.m2/repository/org/springframework/boot/spring-boot-starter-data-jpa/3.3.5/spring-boot-starter-data-jpa-3.3.5.jar:/Users/jurer/.m2/repository/org/springframework/boot/spring-boot-starter-aop/3.3.5/spring-boot-starter-aop-3.3.5.jar:/Users/jurer/.m2/repository/org/springframework/spring-aop/6.1.14/spring-aop-6.1.14.jar:/Users/jurer/.m2/repository/org/aspectj/aspectjweaver/1.9.22.1/aspectjweaver-1.9.22.1.jar:/Users/jurer/.m2/repository/org/springframework/boot/spring-boot-starter-jdbc/3.3.5/spring-boot-starter-jdbc-3.3.5.jar:/Users/jurer/.m2/repository/com/zaxxer/HikariCP/5.1.0/HikariCP-5.1.0.jar:/Users/jurer/.m2/repository/org/springframework/spring-jdbc/6.1.14/spring-jdbc-6.1.14.jar:/Users/jurer/.m2/repository/org/hibernate/orm/hibernate-core/6.5.3.Final/hibernate-core-6.5.3.Final.jar:/Users/jurer/.m2/repository/jakarta/persistence/jakarta.persistence-api/3.1.0/jakarta.persistence-api-3.1.0.jar:/Users/jurer/.m2/repository/jakarta/transaction/jakarta.transaction-api/2.0.1/jakarta.transaction-api-2.0.1.jar:/Users/jurer/.m2/repository/org/jboss/logging/jboss-logging/3.5.3.Final/jboss-logging-3.5.3.Final.jar:/Users/jurer/.m2/repository/org/hibernate/common/hibernate-commons-annotations/6.0.6.Final/hibernate-commons-annotations-6.0.6.Final.jar:/Users/jurer/.m2/repository/io/smallrye/jandex/3.1.2/jandex-3.1.2.jar:/Users/jurer/.m2/repository/com/fasterxml/classmate/1.7.0/classmate-1.7.0.jar:/Users/jurer/.m2/repository/net/bytebuddy/byte-buddy/1.14.19/byte-buddy-1.14.19.jar:/Users/jurer/.m2/repository/org/glassfish/jaxb/jaxb-runtime/4.0.5/jaxb-runtime-4.0.5.jar:/Users/jurer/.m2/repository/org/glassfish/jaxb/jaxb-core/4.0.5/jaxb-core-4.0.5.jar:/Users/jurer/.m2/repository/org/glassfish/jaxb/txw2/4.0.5/txw2-4.0.5.jar:/Users/jurer/.m2/repository/com/sun/istack/istack-commons-runtime/4.1.2/istack-commons-runtime-4.1.2.jar:/Users/jurer/.m2/repository/jakarta/inject/jakarta.inject-api/2.0.1/jakarta.inject-api-2.0.1.jar:/Users/jurer/.m2/repository/org/antlr/antlr4-runtime/4.13.0/antlr4-runtime-4.13.0.jar:/Users/jurer/.m2/repository/org/springframework/data/spring-data-jpa/3.3.5/spring-data-jpa-3.3.5.jar:/Users/jurer/.m2/repository/org/springframework/data/spring-data-commons/3.3.5/spring-data-commons-3.3.5.jar:/Users/jurer/.m2/repository/org/springframework/spring-orm/6.1.14/spring-orm-6.1.14.jar:/Users/jurer/.m2/repository/org/springframework/spring-context/6.1.14/spring-context-6.1.14.jar:/Users/jurer/.m2/repository/org/springframework/spring-tx/6.1.14/spring-tx-6.1.14.jar:/Users/jurer/.m2/repository/org/springframework/spring-beans/6.1.14/spring-beans-6.1.14.jar:/Users/jurer/.m2/repository/org/slf4j/slf4j-api/2.0.16/slf4j-api-2.0.16.jar:/Users/jurer/.m2/repository/org/springframework/spring-aspects/6.1.14/spring-aspects-6.1.14.jar:/Users/jurer/.m2/repository/org/springframework/boot/spring-boot-starter-mail/3.3.5/spring-boot-starter-mail-3.3.5.jar:/Users/jurer/.m2/repository/org/springframework/spring-context-support/6.1.14/spring-context-support-6.1.14.jar:/Users/jurer/.m2/repository/org/eclipse/angus/jakarta.mail/2.0.3/jakarta.mail-2.0.3.jar:/Users/jurer/.m2/repository/jakarta/activation/jakarta.activation-api/2.1.3/jakarta.activation-api-2.1.3.jar:/Users/jurer/.m2/repository/org/eclipse/angus/angus-activation/2.0.2/angus-activation-2.0.2.jar:/Users/jurer/.m2/repository/com/google/code/gson/gson/2.11.0/gson-2.11.0.jar:/Users/jurer/.m2/repository/com/google/errorprone/error_prone_annotations/2.27.0/error_prone_annotations-2.27.0.jar:/Users/jurer/.m2/repository/org/json/json/20090211/json-20090211.jar:/Users/jurer/.m2/repository/org/postgresql/postgresql/42.7.4/postgresql-42.7.4.jar:/Users/jurer/.m2/repository/org/checkerframework/checker-qual/3.42.0/checker-qual-3.42.0.jar:/Users/jurer/.m2/repository/org/springframework/boot/spring-boot-starter-web/3.3.5/spring-boot-starter-web-3.3.5.jar:/Users/jurer/.m2/repository/org/springframework/boot/spring-boot-starter-json/3.3.5/spring-boot-starter-json-3.3.5.jar:/Users/jurer/.m2/repository/com/fasterxml/jackson/datatype/jackson-datatype-jdk8/2.17.2/jackson-datatype-jdk8-2.17.2.jar:/Users/jurer/.m2/repository/com/fasterxml/jackson/module/jackson-module-parameter-names/2.17.2/jackson-module-parameter-names-2.17.2.jar:/Users/jurer/.m2/repository/org/springframework/boot/spring-boot-starter-tomcat/3.3.5/spring-boot-starter-tomcat-3.3.5.jar:/Users/jurer/.m2/repository/org/apache/tomcat/embed/tomcat-embed-core/10.1.31/tomcat-embed-core-10.1.31.jar:/Users/jurer/.m2/repository/org/apache/tomcat/embed/tomcat-embed-el/10.1.31/tomcat-embed-el-10.1.31.jar:/Users/jurer/.m2/repository/org/apache/tomcat/embed/tomcat-embed-websocket/10.1.31/tomcat-embed-websocket-10.1.31.jar:/Users/jurer/.m2/repository/org/springframework/spring-web/6.1.14/spring-web-6.1.14.jar:/Users/jurer/.m2/repository/org/springframework/spring-webmvc/6.1.14/spring-webmvc-6.1.14.jar:/Users/jurer/.m2/repository/org/springframework/spring-expression/6.1.14/spring-expression-6.1.14.jar:/Users/jurer/.m2/repository/org/springframework/boot/spring-boot-starter-test/3.3.5/spring-boot-starter-test-3.3.5.jar:/Users/jurer/.m2/repository/org/springframework/boot/spring-boot-test/3.3.5/spring-boot-test-3.3.5.jar:/Users/jurer/.m2/repository/org/springframework/boot/spring-boot-test-autoconfigure/3.3.5/spring-boot-test-autoconfigure-3.3.5.jar:/Users/jurer/.m2/repository/com/jayway/jsonpath/json-path/2.9.0/json-path-2.9.0.jar:/Users/jurer/.m2/repository/jakarta/xml/bind/jakarta.xml.bind-api/4.0.2/jakarta.xml.bind-api-4.0.2.jar:/Users/jurer/.m2/repository/net/minidev/json-smart/2.5.1/json-smart-2.5.1.jar:/Users/jurer/.m2/repository/net/minidev/accessors-smart/2.5.1/accessors-smart-2.5.1.jar:/Users/jurer/.m2/repository/org/ow2/asm/asm/9.6/asm-9.6.jar:/Users/jurer/.m2/repository/org/assertj/assertj-core/3.25.3/assertj-core-3.25.3.jar:/Users/jurer/.m2/repository/org/awaitility/awaitility/4.2.2/awaitility-4.2.2.jar:/Users/jurer/.m2/repository/org/hamcrest/hamcrest/2.2/hamcrest-2.2.jar:/Users/jurer/.m2/repository/org/junit/jupiter/junit-jupiter/5.10.5/junit-jupiter-5.10.5.jar:/Users/jurer/.m2/repository/org/junit/jupiter/junit-jupiter-params/5.10.5/junit-jupiter-params-5.10.5.jar:/Users/jurer/.m2/repository/org/mockito/mockito-core/5.11.0/mockito-core-5.11.0.jar:/Users/jurer/.m2/repository/net/bytebuddy/byte-buddy-agent/1.14.19/byte-buddy-agent-1.14.19.jar:/Users/jurer/.m2/repository/org/objenesis/objenesis/3.3/objenesis-3.3.jar:/Users/jurer/.m2/repository/org/mockito/mockito-junit-jupiter/5.11.0/mockito-junit-jupiter-5.11.0.jar:/Users/jurer/.m2/repository/org/skyscreamer/jsonassert/1.5.3/jsonassert-1.5.3.jar:/Users/jurer/.m2/repository/com/vaadin/external/google/android-json/0.0.20131108.vaadin1/android-json-0.0.20131108.vaadin1.jar:/Users/jurer/.m2/repository/org/springframework/spring-core/6.1.14/spring-core-6.1.14.jar:/Users/jurer/.m2/repository/org/springframework/spring-jcl/6.1.14/spring-jcl-6.1.14.jar:/Users/jurer/.m2/repository/org/springframework/spring-test/6.1.14/spring-test-6.1.14.jar:/Users/jurer/.m2/repository/org/xmlunit/xmlunit-core/2.9.1/xmlunit-core-2.9.1.jar:/Users/jurer/.m2/repository/org/junit/jupiter/junit-jupiter-engine/5.10.5/junit-jupiter-engine-5.10.5.jar:/Users/jurer/.m2/repository/org/junit/platform/junit-platform-engine/1.10.5/junit-platform-engine-1.10.5.jar:/Users/jurer/.m2/repository/org/apiguardian/apiguardian-api/1.1.2/apiguardian-api-1.1.2.jar:/Users/jurer/.m2/repository/org/junit/jupiter/junit-jupiter-api/5.10.5/junit-jupiter-api-5.10.5.jar:/Users/jurer/.m2/repository/org/opentest4j/opentest4j/1.3.0/opentest4j-1.3.0.jar:/Users/jurer/.m2/repository/org/junit/platform/junit-platform-commons/1.10.5/junit-platform-commons-1.10.5.jar:"/>
    <property name="sun.cpu.endian" value="little"/>
    <property name="user.home" value="/Users/jurer"/>
    <property name="user.language" value="en"/>
    <property name="java.specification.vendor" value="Oracle Corporation"/>
    <property name="java.version.date" value="2024-10-15"/>
    <property name="java.home" value="/opt/homebrew/Cellar/openjdk/23.0.1/libexec/openjdk.jdk/Contents/Home"/>
    <property name="file.separator" value="/"/>
    <property name="https.proxyHost" value="127.0.0.1"/>
    <property name="basedir" value="/Users/jurer/Business/webovci/backend/stanblog"/>
    <property name="java.vm.compressedOopsMode" value="Zero based"/>
    <property name="line.separator" value="&#10;"/>
    <property name="java.vm.specification.vendor" value="Oracle Corporation"/>
    <property name="java.specification.name" value="Java Platform API Specification"/>
    <property name="FILE_LOG_CHARSET" value="UTF-8"/>
    <property name="java.awt.headless" value="true"/>
    <property name="apple.awt.application.name" value="ForkedBooter"/>
    <property name="surefire.real.class.path" value="/Users/jurer/Business/webovci/backend/stanblog/target/surefire/surefirebooter-20241114170501043_3.jar"/>
    <property name="sun.management.compiler" value="HotSpot 64-Bit Tiered Compilers"/>
    <property name="ftp.nonProxyHosts" value="local|*.local|169.254/16|*.169.254/16"/>
    <property name="java.runtime.version" value="23.0.1"/>
    <property name="user.name" value="jurer"/>
    <property name="stdout.encoding" value="UTF-8"/>
    <property name="path.separator" value=":"/>
    <property name="os.version" value="14.5"/>
    <property name="java.runtime.name" value="OpenJDK Runtime Environment"/>
    <property name="file.encoding" value="UTF-8"/>
    <property name="java.vm.name" value="OpenJDK 64-Bit Server VM"/>
    <property name="java.vendor.version" value="Homebrew"/>
    <property name="localRepository" value="/Users/jurer/.m2/repository"/>
    <property name="java.vendor.url.bug" value="https://github.com/Homebrew/homebrew-core/issues"/>
    <property name="java.io.tmpdir" value="/var/folders/hc/0wzqh_t10d57rrdrsgpt2zrw0000gp/T/"/>
    <property name="com.zaxxer.hikari.pool_number" value="1"/>
    <property name="java.version" value="23.0.1"/>
    <property name="user.dir" value="/Users/jurer/Business/webovci/backend/stanblog"/>
    <property name="os.arch" value="aarch64"/>
    <property name="java.vm.specification.name" value="Java Virtual Machine Specification"/>
    <property name="PID" value="8030"/>
    <property name="CONSOLE_LOG_CHARSET" value="UTF-8"/>
    <property name="native.encoding" value="UTF-8"/>
    <property name="java.library.path" value="/Users/jurer/Library/Java/Extensions:/Library/Java/Extensions:/Network/Library/Java/Extensions:/System/Library/Java/Extensions:/usr/lib/java:."/>
    <property name="java.vm.info" value="mixed mode, sharing"/>
    <property name="stderr.encoding" value="UTF-8"/>
    <property name="java.vendor" value="Homebrew"/>
    <property name="java.vm.version" value="23.0.1"/>
    <property name="sun.io.unicode.encoding" value="UnicodeBig"/>
    <property name="socksNonProxyHosts" value="local|*.local|169.254/16|*.169.254/16"/>
    <property name="java.class.version" value="67.0"/>
    <property name="LOGGED_APPLICATION_NAME" value="[stanblog] "/>
    <property name="http.proxyPort" value="7769"/>
  </properties>
  <testcase name="contextLoads" classname="hr.stanblog.stanblog.StanblogApplicationTests" time="0.299">
    <system-out><![CDATA[17:05:01.437 [main] INFO org.springframework.test.context.support.AnnotationConfigContextLoaderUtils -- Could not detect default configuration classes for test class [hr.stanblog.stanblog.StanblogApplicationTests]: StanblogApplicationTests does not declare any static, non-private, non-final, nested classes annotated with @Configuration.
17:05:01.490 [main] INFO org.springframework.boot.test.context.SpringBootTestContextBootstrapper -- Found @SpringBootConfiguration hr.stanblog.stanblog.StanblogApplication for test class hr.stanblog.stanblog.StanblogApplicationTests

  .   ____          _            __ _ _
 /\\ / ___'_ __ _ _(_)_ __  __ _ \ \ \ \
( ( )\___ | '_ | '_| | '_ \/ _` | \ \ \ \
 \\/  ___)| |_)| | | | | || (_| |  ) ) ) )
  '  |____| .__|_| |_|_| |_\__, | / / / /
 =========|_|==============|___/=/_/_/_/

 :: Spring Boot ::                (v3.3.5)

2024-11-14T17:05:01.670+01:00  WARN 8030 --- [stanblog] [           main] ory$DuplicateJsonObjectContextCustomizer : 

Found multiple occurrences of org.json.JSONObject on the class path:

	jar:file:/Users/jurer/.m2/repository/org/json/json/20090211/json-20090211.jar!/org/json/JSONObject.class
	jar:file:/Users/jurer/.m2/repository/com/vaadin/external/google/android-json/0.0.20131108.vaadin1/android-json-0.0.20131108.vaadin1.jar!/org/json/JSONObject.class

You may wish to exclude one of them to ensure predictable runtime behavior

2024-11-14T17:05:01.678+01:00  INFO 8030 --- [stanblog] [           main] h.s.stanblog.StanblogApplicationTests    : Starting StanblogApplicationTests using Java 23.0.1 with PID 8030 (started by jurer in /Users/jurer/Business/webovci/backend/stanblog)
2024-11-14T17:05:01.679+01:00  INFO 8030 --- [stanblog] [           main] h.s.stanblog.StanblogApplicationTests    : No active profile set, falling back to 1 default profile: "default"
2024-11-14T17:05:02.115+01:00  INFO 8030 --- [stanblog] [           main] .s.d.r.c.RepositoryConfigurationDelegate : Bootstrapping Spring Data JPA repositories in DEFAULT mode.
2024-11-14T17:05:02.146+01:00  INFO 8030 --- [stanblog] [           main] .s.d.r.c.RepositoryConfigurationDelegate : Finished Spring Data repository scanning in 26 ms. Found 3 JPA repository interfaces.
2024-11-14T17:05:02.502+01:00  INFO 8030 --- [stanblog] [           main] o.hibernate.jpa.internal.util.LogHelper  : HHH000204: Processing PersistenceUnitInfo [name: default]
2024-11-14T17:05:02.532+01:00  INFO 8030 --- [stanblog] [           main] org.hibernate.Version                    : HHH000412: Hibernate ORM core version 6.5.3.Final
2024-11-14T17:05:02.547+01:00  INFO 8030 --- [stanblog] [           main] o.h.c.internal.RegionFactoryInitiator    : HHH000026: Second-level cache disabled
2024-11-14T17:05:02.708+01:00  INFO 8030 --- [stanblog] [           main] o.s.o.j.p.SpringPersistenceUnitInfo      : No LoadTimeWeaver setup: ignoring JPA class transformer
2024-11-14T17:05:02.720+01:00  INFO 8030 --- [stanblog] [           main] com.zaxxer.hikari.HikariDataSource       : HikariPool-1 - Starting...
2024-11-14T17:05:03.720+01:00  INFO 8030 --- [stanblog] [           main] com.zaxxer.hikari.pool.HikariPool        : HikariPool-1 - Added connection org.postgresql.jdbc.PgConnection@4e26564d
2024-11-14T17:05:03.721+01:00  INFO 8030 --- [stanblog] [           main] com.zaxxer.hikari.HikariDataSource       : HikariPool-1 - Start completed.
2024-11-14T17:05:03.761+01:00  WARN 8030 --- [stanblog] [           main] org.hibernate.orm.deprecation            : HHH90000025: PostgreSQLDialect does not need to be specified explicitly using 'hibernate.dialect' (remove the property setting and it will be selected by default)
2024-11-14T17:05:04.264+01:00  INFO 8030 --- [stanblog] [           main] o.h.e.t.j.p.i.JtaPlatformInitiator       : HHH000489: No JTA platform available (set 'hibernate.transaction.jta.platform' to enable JTA platform integration)
Hibernate: 
    alter table if exists user_apartment_building 
       drop constraint if exists FKfht7yccx5guuh1ho58thqvfnd
2024-11-14T17:05:04.295+01:00  WARN 8030 --- [stanblog] [           main] o.h.engine.jdbc.spi.SqlExceptionHelper   : SQL Warning Code: 0, SQLState: 00000
2024-11-14T17:05:04.295+01:00  WARN 8030 --- [stanblog] [           main] o.h.engine.jdbc.spi.SqlExceptionHelper   : relation "user_apartment_building" does not exist, skipping
Hibernate: 
    alter table if exists user_apartment_building 
       drop constraint if exists FKtgupn4y9rrgh35lhbbhgxwnkn
2024-11-14T17:05:04.323+01:00  WARN 8030 --- [stanblog] [           main] o.h.engine.jdbc.spi.SqlExceptionHelper   : SQL Warning Code: 0, SQLState: 00000
2024-11-14T17:05:04.323+01:00  WARN 8030 --- [stanblog] [           main] o.h.engine.jdbc.spi.SqlExceptionHelper   : relation "user_apartment_building" does not exist, skipping
Hibernate: 
    drop table if exists apartment_building cascade
2024-11-14T17:05:04.346+01:00  WARN 8030 --- [stanblog] [           main] o.h.engine.jdbc.spi.SqlExceptionHelper   : SQL Warning Code: 0, SQLState: 00000
2024-11-14T17:05:04.346+01:00  WARN 8030 --- [stanblog] [           main] o.h.engine.jdbc.spi.SqlExceptionHelper   : table "apartment_building" does not exist, skipping
Hibernate: 
    drop table if exists app_user cascade
2024-11-14T17:05:04.370+01:00  WARN 8030 --- [stanblog] [           main] o.h.engine.jdbc.spi.SqlExceptionHelper   : SQL Warning Code: 0, SQLState: 00000
2024-11-14T17:05:04.370+01:00  WARN 8030 --- [stanblog] [           main] o.h.engine.jdbc.spi.SqlExceptionHelper   : table "app_user" does not exist, skipping
Hibernate: 
    drop table if exists comment cascade
2024-11-14T17:05:04.392+01:00  WARN 8030 --- [stanblog] [           main] o.h.engine.jdbc.spi.SqlExceptionHelper   : SQL Warning Code: 0, SQLState: 00000
2024-11-14T17:05:04.392+01:00  WARN 8030 --- [stanblog] [           main] o.h.engine.jdbc.spi.SqlExceptionHelper   : table "comment" does not exist, skipping
Hibernate: 
    drop table if exists discussion cascade
2024-11-14T17:05:04.414+01:00  WARN 8030 --- [stanblog] [           main] o.h.engine.jdbc.spi.SqlExceptionHelper   : SQL Warning Code: 0, SQLState: 00000
2024-11-14T17:05:04.414+01:00  WARN 8030 --- [stanblog] [           main] o.h.engine.jdbc.spi.SqlExceptionHelper   : table "discussion" does not exist, skipping
Hibernate: 
    drop table if exists user_apartment_building cascade
2024-11-14T17:05:04.437+01:00  WARN 8030 --- [stanblog] [           main] o.h.engine.jdbc.spi.SqlExceptionHelper   : SQL Warning Code: 0, SQLState: 00000
2024-11-14T17:05:04.437+01:00  WARN 8030 --- [stanblog] [           main] o.h.engine.jdbc.spi.SqlExceptionHelper   : table "user_apartment_building" does not exist, skipping
Hibernate: 
    drop table if exists user_discussion cascade
2024-11-14T17:05:04.459+01:00  WARN 8030 --- [stanblog] [           main] o.h.engine.jdbc.spi.SqlExceptionHelper   : SQL Warning Code: 0, SQLState: 00000
2024-11-14T17:05:04.459+01:00  WARN 8030 --- [stanblog] [           main] o.h.engine.jdbc.spi.SqlExceptionHelper   : table "user_discussion" does not exist, skipping
Hibernate: 
    drop table if exists user_voting cascade
2024-11-14T17:05:04.481+01:00  WARN 8030 --- [stanblog] [           main] o.h.engine.jdbc.spi.SqlExceptionHelper   : SQL Warning Code: 0, SQLState: 00000
2024-11-14T17:05:04.481+01:00  WARN 8030 --- [stanblog] [           main] o.h.engine.jdbc.spi.SqlExceptionHelper   : table "user_voting" does not exist, skipping
Hibernate: 
    drop table if exists voting cascade
2024-11-14T17:05:04.504+01:00  WARN 8030 --- [stanblog] [           main] o.h.engine.jdbc.spi.SqlExceptionHelper   : SQL Warning Code: 0, SQLState: 00000
2024-11-14T17:05:04.504+01:00  WARN 8030 --- [stanblog] [           main] o.h.engine.jdbc.spi.SqlExceptionHelper   : table "voting" does not exist, skipping
Hibernate: 
    drop sequence if exists apartment_building_seq
2024-11-14T17:05:04.527+01:00  WARN 8030 --- [stanblog] [           main] o.h.engine.jdbc.spi.SqlExceptionHelper   : SQL Warning Code: 0, SQLState: 00000
2024-11-14T17:05:04.527+01:00  WARN 8030 --- [stanblog] [           main] o.h.engine.jdbc.spi.SqlExceptionHelper   : sequence "apartment_building_seq" does not exist, skipping
Hibernate: 
    drop sequence if exists app_user_seq
2024-11-14T17:05:04.550+01:00  WARN 8030 --- [stanblog] [           main] o.h.engine.jdbc.spi.SqlExceptionHelper   : SQL Warning Code: 0, SQLState: 00000
2024-11-14T17:05:04.550+01:00  WARN 8030 --- [stanblog] [           main] o.h.engine.jdbc.spi.SqlExceptionHelper   : sequence "app_user_seq" does not exist, skipping
Hibernate: 
    drop sequence if exists user_apartment_building_seq
2024-11-14T17:05:04.575+01:00  WARN 8030 --- [stanblog] [           main] o.h.engine.jdbc.spi.SqlExceptionHelper   : SQL Warning Code: 0, SQLState: 00000
2024-11-14T17:05:04.576+01:00  WARN 8030 --- [stanblog] [           main] o.h.engine.jdbc.spi.SqlExceptionHelper   : sequence "user_apartment_building_seq" does not exist, skipping
Hibernate: 
    create sequence apartment_building_seq start with 1 increment by 50
Hibernate: 
    create sequence app_user_seq start with 1 increment by 50
Hibernate: 
    create sequence user_apartment_building_seq start with 1 increment by 50
Hibernate: 
    create table apartment_building (
        number_of_individual_apartments integer not null,
        zip_code integer not null,
        id bigint not null,
        address varchar(255),
        city varchar(255),
        primary key (id)
    )
Hibernate: 
    create table app_user (
        user_role smallint check (user_role between 0 and 1),
        id bigint not null,
        email varchar(255),
        first_name varchar(255),
        last_name varchar(255),
        primary key (id)
    )
Hibernate: 
    create table comment (
        id bigint not null,
        primary key (id)
    )
Hibernate: 
    create table discussion (
        id bigint not null,
        primary key (id)
    )
Hibernate: 
    create table user_apartment_building (
        is_representative boolean,
        apartment_building_id bigint,
        id bigint not null,
        user_id bigint,
        primary key (id)
    )
Hibernate: 
    create table user_discussion (
        id bigint not null,
        primary key (id)
    )
Hibernate: 
    create table user_voting (
        id bigint not null,
        primary key (id)
    )
Hibernate: 
    create table voting (
        id bigint not null,
        primary key (id)
    )
Hibernate: 
    alter table if exists user_apartment_building 
       add constraint FKfht7yccx5guuh1ho58thqvfnd 
       foreign key (apartment_building_id) 
       references apartment_building
Hibernate: 
    alter table if exists user_apartment_building 
       add constraint FKtgupn4y9rrgh35lhbbhgxwnkn 
       foreign key (user_id) 
       references app_user
2024-11-14T17:05:04.960+01:00  INFO 8030 --- [stanblog] [           main] j.LocalContainerEntityManagerFactoryBean : Initialized JPA EntityManagerFactory for persistence unit 'default'
2024-11-14T17:05:05.304+01:00  WARN 8030 --- [stanblog] [           main] JpaBaseConfiguration$JpaWebConfiguration : spring.jpa.open-in-view is enabled by default. Therefore, database queries may be performed during view rendering. Explicitly configure spring.jpa.open-in-view to disable this warning
2024-11-14T17:05:05.358+01:00  WARN 8030 --- [stanblog] [           main] s.w.s.m.m.a.RequestMappingHandlerMapping : Multiple @RequestMapping annotations found on public org.springframework.http.ResponseEntity hr.stanblog.stanblog.api.UserController.addNewUser(hr.stanblog.stanblog.dto.UserDto), but only the first will be used: [@org.springframework.web.bind.annotation.RequestMapping(consumes={}, headers={}, method={}, name="", params={}, path={"/addNew"}, produces={}, value={"/addNew"}), @org.springframework.web.bind.annotation.PostMapping(consumes={}, headers={}, name="", params={}, path={}, produces={}, value={})]
2024-11-14T17:05:05.359+01:00  WARN 8030 --- [stanblog] [           main] s.w.s.m.m.a.RequestMappingHandlerMapping : Multiple @RequestMapping annotations found on public org.springframework.http.ResponseEntity hr.stanblog.stanblog.api.UserController.addUserToABuilding(hr.stanblog.stanblog.dto.UserApartmentBuildingDto), but only the first will be used: [@org.springframework.web.bind.annotation.RequestMapping(consumes={}, headers={}, method={}, name="", params={}, path={"/addUserBuilding"}, produces={}, value={"/addUserBuilding"}), @org.springframework.web.bind.annotation.PostMapping(consumes={}, headers={}, name="", params={}, path={}, produces={}, value={})]
2024-11-14T17:05:05.359+01:00  WARN 8030 --- [stanblog] [           main] s.w.s.m.m.a.RequestMappingHandlerMapping : Multiple @RequestMapping annotations found on public org.springframework.http.ResponseEntity hr.stanblog.stanblog.api.UserController.addNewUserToABuilding(hr.stanblog.stanblog.model.UserApartmentBuilding), but only the first will be used: [@org.springframework.web.bind.annotation.RequestMapping(consumes={}, headers={}, method={}, name="", params={}, path={"/addNewUserBuilding"}, produces={}, value={"/addNewUserBuilding"}), @org.springframework.web.bind.annotation.PostMapping(consumes={}, headers={}, name="", params={}, path={}, produces={}, value={})]
2024-11-14T17:05:05.725+01:00  INFO 8030 --- [stanblog] [           main] o.s.b.a.e.web.EndpointLinksResolver      : Exposing 1 endpoint beneath base path '/actuator'
2024-11-14T17:05:05.767+01:00  INFO 8030 --- [stanblog] [           main] h.s.stanblog.StanblogApplicationTests    : Started StanblogApplicationTests in 4.208 seconds (process running for 4.686)
]]></system-out>
    <system-err><![CDATA[WARNING: A Java agent has been loaded dynamically (/Users/jurer/.m2/repository/net/bytebuddy/byte-buddy-agent/1.14.19/byte-buddy-agent-1.14.19.jar)
WARNING: If a serviceability tool is in use, please run with -XX:+EnableDynamicAgentLoading to hide this warning
WARNING: If a serviceability tool is not in use, please run with -Djdk.instrument.traceUsage for more information
WARNING: Dynamic loading of agents will be disallowed by default in a future release
]]></system-err>
  </testcase>
</testsuite>